<?xml version="1.0" encoding="UTF-8"?>
<testng-results skipped="0" failed="0" total="1" passed="1">
  <reporter-output>
  </reporter-output>
  <suite name="Default suite" duration-ms="55795" started-at="2020-04-07T10:01:52Z" finished-at="2020-04-07T10:02:48Z">
    <groups>
    </groups>
    <test name="Default test" duration-ms="55795" started-at="2020-04-07T10:01:52Z" finished-at="2020-04-07T10:02:48Z">
      <class name="testCases.LoginPage">
        <test-method status="PASS" signature="login()[pri:0, instance:testCases.LoginPage@3e77a1ed]" name="login" duration-ms="55768" started-at="2020-04-07T15:31:52Z" finished-at="2020-04-07T15:32:48Z">
          <reporter-output>
          </reporter-output>
        </test-method> <!-- login -->
      </class> <!-- testCases.LoginPage -->
    </test> <!-- Default test -->
  </suite> <!-- Default suite -->
</testng-results>
