<?xml version="1.0" encoding="UTF-8"?>
<testng-results skipped="0" failed="1" total="5" passed="4">
  <reporter-output>
  </reporter-output>
  <suite name="Test Suite" duration-ms="18317" started-at="2020-03-30T09:59:24Z" finished-at="2020-03-30T09:59:42Z">
    <groups>
    </groups>
    <test name="Test Case" duration-ms="18317" started-at="2020-03-30T09:59:24Z" finished-at="2020-03-30T09:59:42Z">
      <class name="firstSelenium.TestMethods">
        <test-method status="PASS" signature="startTest()[pri:0, instance:firstSelenium.TestMethods@71e7a66b]" name="startTest" is-config="true" duration-ms="7082" started-at="2020-03-30T15:29:17Z" finished-at="2020-03-30T15:29:24Z">
          <reporter-output>
          </reporter-output>
        </test-method> <!-- startTest -->
        <test-method status="PASS" signature="openGoogle()[pri:0, instance:firstSelenium.TestMethods@71e7a66b]" name="openGoogle" duration-ms="11644" started-at="2020-03-30T15:29:24Z" finished-at="2020-03-30T15:29:36Z">
          <reporter-output>
          </reporter-output>
        </test-method> <!-- openGoogle -->
        <test-method status="FAIL" signature="openBing()[pri:0, instance:firstSelenium.TestMethods@71e7a66b]" name="openBing" duration-ms="6156" started-at="2020-03-30T15:29:36Z" finished-at="2020-03-30T15:29:42Z">
          <exception class="org.openqa.selenium.WebDriverException">
            <message>
              <![CDATA[chrome not reachable
  (Session info: chrome=80.0.3987.149)
Build info: version: '3.141.59', revision: 'e82be7d358', time: '2018-11-14T08:25:53'
System info: host: 'CYBERWORLD-PC', ip: '192.168.1.102', os.name: 'Windows 7', os.arch: 'amd64', os.version: '6.1', java.version: '1.8.0_241'
Driver info: org.openqa.selenium.chrome.ChromeDriver
Capabilities {acceptInsecureCerts: false, browserName: chrome, browserVersion: 80.0.3987.149, chrome: {chromedriverVersion: 80.0.3987.106 (f68069574609..., userDataDir: C:\Users\CYBERW~1\AppData\L...}, goog:chromeOptions: {debuggerAddress: localhost:63724}, javascriptEnabled: true, networkConnectionEnabled: false, pageLoadStrategy: normal, platform: WINDOWS, platformName: WINDOWS, proxy: Proxy(), setWindowRect: true, strictFileInteractability: false, timeouts: {implicit: 0, pageLoad: 300000, script: 30000}, unhandledPromptBehavior: dismiss and notify}
Session ID: 67f36730b394aa266b0cf3c0fca1e0d4]]>
            </message>
            <full-stacktrace>
              <![CDATA[org.openqa.selenium.WebDriverException: chrome not reachable
  (Session info: chrome=80.0.3987.149)
Build info: version: '3.141.59', revision: 'e82be7d358', time: '2018-11-14T08:25:53'
System info: host: 'CYBERWORLD-PC', ip: '192.168.1.102', os.name: 'Windows 7', os.arch: 'amd64', os.version: '6.1', java.version: '1.8.0_241'
Driver info: org.openqa.selenium.chrome.ChromeDriver
Capabilities {acceptInsecureCerts: false, browserName: chrome, browserVersion: 80.0.3987.149, chrome: {chromedriverVersion: 80.0.3987.106 (f68069574609..., userDataDir: C:\Users\CYBERW~1\AppData\L...}, goog:chromeOptions: {debuggerAddress: localhost:63724}, javascriptEnabled: true, networkConnectionEnabled: false, pageLoadStrategy: normal, platform: WINDOWS, platformName: WINDOWS, proxy: Proxy(), setWindowRect: true, strictFileInteractability: false, timeouts: {implicit: 0, pageLoad: 300000, script: 30000}, unhandledPromptBehavior: dismiss and notify}
Session ID: 67f36730b394aa266b0cf3c0fca1e0d4
	at sun.reflect.NativeConstructorAccessorImpl.newInstance0(Native Method)
	at sun.reflect.NativeConstructorAccessorImpl.newInstance(Unknown Source)
	at sun.reflect.DelegatingConstructorAccessorImpl.newInstance(Unknown Source)
	at java.lang.reflect.Constructor.newInstance(Unknown Source)
	at org.openqa.selenium.remote.http.W3CHttpResponseCodec.createException(W3CHttpResponseCodec.java:187)
	at org.openqa.selenium.remote.http.W3CHttpResponseCodec.decode(W3CHttpResponseCodec.java:122)
	at org.openqa.selenium.remote.http.W3CHttpResponseCodec.decode(W3CHttpResponseCodec.java:49)
	at org.openqa.selenium.remote.HttpCommandExecutor.execute(HttpCommandExecutor.java:158)
	at org.openqa.selenium.remote.service.DriverCommandExecutor.execute(DriverCommandExecutor.java:83)
	at org.openqa.selenium.remote.RemoteWebDriver.execute(RemoteWebDriver.java:552)
	at org.openqa.selenium.remote.RemoteWebDriver.get(RemoteWebDriver.java:277)
	at firstSelenium.TestMethods.openBing(TestMethods.java:28)
	at sun.reflect.NativeMethodAccessorImpl.invoke0(Native Method)
	at sun.reflect.NativeMethodAccessorImpl.invoke(Unknown Source)
	at sun.reflect.DelegatingMethodAccessorImpl.invoke(Unknown Source)
	at java.lang.reflect.Method.invoke(Unknown Source)
	at org.testng.internal.MethodInvocationHelper.invokeMethod(MethodInvocationHelper.java:85)
	at org.testng.internal.Invoker.invokeMethod(Invoker.java:663)
	at org.testng.internal.Invoker.invokeTestMethod(Invoker.java:849)
	at org.testng.internal.Invoker.invokeTestMethods(Invoker.java:1157)
	at org.testng.internal.TestMethodWorker.invokeTestMethods(TestMethodWorker.java:124)
	at org.testng.internal.TestMethodWorker.run(TestMethodWorker.java:108)
	at org.testng.TestRunner.privateRun(TestRunner.java:771)
	at org.testng.TestRunner.run(TestRunner.java:621)
	at org.testng.SuiteRunner.runTest(SuiteRunner.java:357)
	at org.testng.SuiteRunner.runSequentially(SuiteRunner.java:352)
	at org.testng.SuiteRunner.privateRun(SuiteRunner.java:310)
	at org.testng.SuiteRunner.run(SuiteRunner.java:259)
	at org.testng.SuiteRunnerWorker.runSuite(SuiteRunnerWorker.java:52)
	at org.testng.SuiteRunnerWorker.run(SuiteRunnerWorker.java:86)
	at org.testng.TestNG.runSuitesSequentially(TestNG.java:1200)
	at org.testng.TestNG.runSuitesLocally(TestNG.java:1125)
	at org.testng.TestNG.run(TestNG.java:1033)
	at org.testng.remote.RemoteTestNG.run(RemoteTestNG.java:111)
	at org.testng.remote.RemoteTestNG.initAndRun(RemoteTestNG.java:204)
	at org.testng.remote.RemoteTestNG.main(RemoteTestNG.java:175)
]]>
            </full-stacktrace>
          </exception> <!-- org.openqa.selenium.WebDriverException -->
          <reporter-output>
          </reporter-output>
        </test-method> <!-- openBing -->
        <test-method status="PASS" signature="endTest()[pri:0, instance:firstSelenium.TestMethods@71e7a66b]" name="endTest" is-config="true" duration-ms="597" started-at="2020-03-30T15:29:42Z" finished-at="2020-03-30T15:29:43Z">
          <reporter-output>
          </reporter-output>
        </test-method> <!-- endTest -->
      </class> <!-- firstSelenium.TestMethods -->
      <class name="firstSelenium.DriveACar">
        <test-method status="PASS" signature="start()[pri:0, instance:firstSelenium.DriveACar@591f989e]" name="start" duration-ms="2" started-at="2020-03-30T15:29:42Z" finished-at="2020-03-30T15:29:42Z">
          <reporter-output>
          </reporter-output>
        </test-method> <!-- start -->
        <test-method status="PASS" signature="gear1()[pri:0, instance:firstSelenium.DriveACar@591f989e]" name="gear1" duration-ms="1" started-at="2020-03-30T15:29:42Z" depends-on-methods="firstSelenium.DriveACar.start" finished-at="2020-03-30T15:29:42Z">
          <reporter-output>
          </reporter-output>
        </test-method> <!-- gear1 -->
        <test-method status="PASS" signature="gear3()[pri:0, instance:firstSelenium.DriveACar@591f989e]" name="gear3" duration-ms="459" started-at="2020-03-30T15:29:42Z" depends-on-methods="firstSelenium.DriveACar.gear1" finished-at="2020-03-30T15:29:42Z">
          <reporter-output>
          </reporter-output>
        </test-method> <!-- gear3 -->
      </class> <!-- firstSelenium.DriveACar -->
    </test> <!-- Test Case -->
  </suite> <!-- Test Suite -->
</testng-results>
