<?xml version="1.0" encoding="UTF-8"?>
<!-- Generated by org.testng.reporters.JUnitXMLReporter -->
<testsuite hostname="CYBERWORLD-PC" name="Grouping" tests="4" failures="0" timestamp="30 Mar 2020 06:47:20 GMT" time="2.078" errors="0">
  <testcase name="oppoC3" time="0.013" classname="firstSelenium.PhoneGroup"/>
  <testcase name="oppoM" time="0.001" classname="firstSelenium.PhoneGroup"/>
  <testcase name="vivoE3" time="0.001" classname="firstSelenium.PhoneGroup"/>
  <testcase name="vivoF1" time="2.001" classname="firstSelenium.PhoneGroup"/>
</testsuite> <!-- Grouping -->
