<?xml version="1.0" encoding="UTF-8"?>
<!-- Generated by org.testng.reporters.JUnitXMLReporter -->
<testsuite hostname="CYBERWORLD-PC" name="Test MFRTproject" tests="19" failures="1" timestamp="7 May 2020 07:02:02 GMT" time="0.075" errors="0">
  <testcase name="login" time="0.011" classname="login.Login">
    <failure type="java.lang.NullPointerException">
      <![CDATA[java.lang.NullPointerException
	at login.Login.login(Login.java:47)
	at sun.reflect.NativeMethodAccessorImpl.invoke0(Native Method)
	at sun.reflect.NativeMethodAccessorImpl.invoke(NativeMethodAccessorImpl.java:62)
	at sun.reflect.DelegatingMethodAccessorImpl.invoke(DelegatingMethodAccessorImpl.java:43)
	at java.lang.reflect.Method.invoke(Method.java:498)
	at org.testng.internal.MethodInvocationHelper.invokeMethod(MethodInvocationHelper.java:85)
	at org.testng.internal.Invoker.invokeMethod(Invoker.java:663)
	at org.testng.internal.Invoker.invokeTestMethod(Invoker.java:849)
	at org.testng.internal.Invoker.invokeTestMethods(Invoker.java:1157)
	at org.testng.internal.TestMethodWorker.invokeTestMethods(TestMethodWorker.java:124)
	at org.testng.internal.TestMethodWorker.run(TestMethodWorker.java:108)
	at org.testng.TestRunner.privateRun(TestRunner.java:771)
	at org.testng.TestRunner.run(TestRunner.java:621)
	at org.testng.SuiteRunner.runTest(SuiteRunner.java:357)
	at org.testng.SuiteRunner.runSequentially(SuiteRunner.java:352)
	at org.testng.SuiteRunner.privateRun(SuiteRunner.java:310)
	at org.testng.SuiteRunner.run(SuiteRunner.java:259)
	at org.testng.SuiteRunnerWorker.runSuite(SuiteRunnerWorker.java:52)
	at org.testng.SuiteRunnerWorker.run(SuiteRunnerWorker.java:86)
	at org.testng.TestNG.runSuitesSequentially(TestNG.java:1200)
	at org.testng.TestNG.runSuitesLocally(TestNG.java:1125)
	at org.testng.TestNG.run(TestNG.java:1033)
	at org.testng.remote.RemoteTestNG.run(RemoteTestNG.java:111)
	at org.testng.remote.RemoteTestNG.initAndRun(RemoteTestNG.java:204)
	at org.testng.remote.RemoteTestNG.main(RemoteTestNG.java:175)
]]>
    </failure>
  </testcase> <!-- login -->
  <testcase name="addUser" time="0.0" classname="admin.AddUser">
    <skipped/>
  </testcase> <!-- addUser -->
  <testcase name="JobIcons" time="0.0" classname="admin.Job">
    <skipped/>
  </testcase> <!-- JobIcons -->
  <testcase name="Organize" time="0.0" classname="admin.Organization">
    <skipped/>
  </testcase> <!-- Organize -->
  <testcase name="qualIcons" time="0.0" classname="admin.Qualification">
    <skipped/>
  </testcase> <!-- qualIcons -->
  <testcase name="NatIcons" time="0.0" classname="admin.Nationality">
    <skipped/>
  </testcase> <!-- NatIcons -->
  <testcase name="configMod" time="0.0" classname="pimmodule.Configuration">
    <skipped/>
  </testcase> <!-- configMod -->
  <testcase name="reportMod" time="0.0" classname="pimmodule.Reports">
    <skipped/>
  </testcase> <!-- reportMod -->
  <testcase name="empList" time="0.0" classname="pimmodule.EmployeeList">
    <skipped/>
  </testcase> <!-- empList -->
  <testcase name="entIcon" time="0.0" classname="leave.Entitlements">
    <skipped/>
  </testcase> <!-- entIcon -->
  <testcase name="leaveRep" time="0.0" classname="leave.Leavereports">
    <skipped/>
  </testcase> <!-- leaveRep -->
  <testcase name="login" time="0.0" classname="leave.Configure">
    <skipped/>
  </testcase> <!-- login -->
  <testcase name="leaveList" time="0.0" classname="leave.Leavelist">
    <skipped/>
  </testcase> <!-- leaveList -->
  <testcase name="assLeave" time="0.0" classname="leave.Assignleave">
    <skipped/>
  </testcase> <!-- assLeave -->
  <testcase name="employeeDetails" time="0.0" classname="recruitment.Candidates">
    <skipped/>
  </testcase> <!-- employeeDetails -->
  <testcase name="vacancies" time="0.0" classname="recruitment.Vacancies">
    <skipped/>
  </testcase> <!-- vacancies -->
  <testcase name="kpi" time="0.0" classname="performance.KPI">
    <skipped/>
  </testcase> <!-- kpi -->
  <testcase name="trackers" time="0.0" classname="performance.Trackers">
    <skipped/>
  </testcase> <!-- trackers -->
  <testcase name="manageReviews" time="0.0" classname="performance.ManageReviews">
    <skipped/>
  </testcase> <!-- manageReviews -->
</testsuite> <!-- Test MFRTproject -->
