<?xml version="1.0" encoding="UTF-8"?>
<!-- Generated by org.testng.reporters.JUnitXMLReporter -->
<testsuite hostname="CYBERWORLD-PC" name="Orange Tests" tests="4" failures="0" timestamp="2 Apr 2020 08:52:06 GMT" time="158.349" errors="0">
  <testcase name="test1" time="17.372" classname="testCases.Fastest"/>
  <testcase name="test1" time="12.064" classname="testCases.Fastest"/>
  <testcase name="test1" time="15.755" classname="testCases.Fastest"/>
  <testcase name="test1" time="15.4" classname="testCases.Fastest"/>
</testsuite> <!-- Orange Tests -->
