<?xml version="1.0" encoding="UTF-8"?>
<testng-results skipped="0" failed="0" total="1" passed="1">
  <reporter-output>
  </reporter-output>
  <suite name="Default suite" duration-ms="28982" started-at="2020-04-04T10:34:00Z" finished-at="2020-04-04T10:34:29Z">
    <groups>
    </groups>
    <test name="Default test" duration-ms="28982" started-at="2020-04-04T10:34:00Z" finished-at="2020-04-04T10:34:29Z">
      <class name="saturday.Guru99">
        <test-method status="PASS" signature="setbrowser()[pri:0, instance:saturday.Guru99@13b6d03]" name="setbrowser" is-config="true" duration-ms="21624" started-at="2020-04-04T16:03:39Z" finished-at="2020-04-04T16:04:00Z">
          <reporter-output>
          </reporter-output>
        </test-method> <!-- setbrowser -->
        <test-method status="PASS" signature="guruTest()[pri:0, instance:saturday.Guru99@13b6d03]" name="guruTest" duration-ms="28961" started-at="2020-04-04T16:04:00Z" finished-at="2020-04-04T16:04:29Z">
          <reporter-output>
          </reporter-output>
        </test-method> <!-- guruTest -->
        <test-method status="PASS" signature="closeWindow()[pri:0, instance:saturday.Guru99@13b6d03]" name="closeWindow" is-config="true" duration-ms="693" started-at="2020-04-04T16:04:29Z" finished-at="2020-04-04T16:04:30Z">
          <reporter-output>
          </reporter-output>
        </test-method> <!-- closeWindow -->
      </class> <!-- saturday.Guru99 -->
    </test> <!-- Default test -->
  </suite> <!-- Default suite -->
</testng-results>
