<?xml version="1.0" encoding="UTF-8"?>
<testng-results skipped="0" failed="0" total="1" passed="1">
  <reporter-output>
  </reporter-output>
  <suite name="Default suite" duration-ms="25503" started-at="2020-05-01T11:24:10Z" finished-at="2020-05-01T11:24:35Z">
    <groups>
    </groups>
    <test name="Default test" duration-ms="25503" started-at="2020-05-01T11:24:10Z" finished-at="2020-05-01T11:24:35Z">
      <class name="login.LoginAndImg">
        <test-method status="PASS" signature="intialize()[pri:0, instance:login.LoginAndImg@1b0375b3]" name="intialize" duration-ms="25464" started-at="2020-05-01T16:54:10Z" finished-at="2020-05-01T16:54:35Z">
          <reporter-output>
          </reporter-output>
        </test-method> <!-- intialize -->
      </class> <!-- login.LoginAndImg -->
    </test> <!-- Default test -->
  </suite> <!-- Default suite -->
</testng-results>
